[debug] [2023-08-15T19:17:44.322Z] ----------------------------------------------------------------------
[debug] [2023-08-15T19:17:44.329Z] Command:       C:\Program Files\nodejs\node.exe C:\Users\goraiastik2000\AppData\Roaming\npm\node_modules\firebase-tools\lib\bin\firebase.js login
[debug] [2023-08-15T19:17:44.331Z] CLI Version:   12.4.0
[debug] [2023-08-15T19:17:44.332Z] Platform:      win32
[debug] [2023-08-15T19:17:44.333Z] Node Version:  v18.4.0
[debug] [2023-08-15T19:17:44.335Z] Time:          Wed Aug 16 2023 00:47:44 GMT+0530 (India Standard Time)
[debug] [2023-08-15T19:17:44.336Z] ----------------------------------------------------------------------
[debug] 
[debug] [2023-08-15T19:17:44.345Z] >>> [apiv2][query] GET https://firebase-public.firebaseio.com/cli.json [none]
[info] i  Firebase optionally collects CLI and Emulator Suite usage and error reporting information to help improve our products. Data is collected in accordance with Google's privacy policy (https://policies.google.com/privacy) and is not used to identify you.
 
[debug] [2023-08-15T19:17:45.796Z] <<< [apiv2][status] GET https://firebase-public.firebaseio.com/cli.json 200
[debug] [2023-08-15T19:17:45.798Z] <<< [apiv2][body] GET https://firebase-public.firebaseio.com/cli.json {"cloudBuildErrorAfter":1594252800000,"cloudBuildWarnAfter":1590019200000,"defaultNode10After":1594252800000,"minVersion":"3.0.5","node8DeploysDisabledAfter":1613390400000,"node8RuntimeDisabledAfter":1615809600000,"node8WarnAfter":1600128000000}
[info] i  To change your data collection preference at any time, run `firebase logout` and log in again. 
[info] 
[info] Visit this URL on this device to log in:
[info] https://accounts.google.com/o/oauth2/auth?client_id=563584335869-fgrhgmd47bqnekij5i8b5pr03ho849e6.apps.googleusercontent.com&scope=email%20openid%20https%3A%2F%2Fwww.googleapis.com%2Fauth%2Fcloudplatformprojects.readonly%20https%3A%2F%2Fwww.googleapis.com%2Fauth%2Ffirebase%20https%3A%2F%2Fwww.googleapis.com%2Fauth%2Fcloud-platform&response_type=code&state=254978929&redirect_uri=http%3A%2F%2Flocalhost%3A9005
[info] 
[info] Waiting for authentication...
[debug] [2023-08-15T19:18:05.223Z] >>> [apiv2][query] POST https://accounts.google.com/o/oauth2/token [none]
[debug] [2023-08-15T19:18:05.224Z] >>> [apiv2][body] POST https://accounts.google.com/o/oauth2/token [omitted]
[debug] [2023-08-15T19:18:06.060Z] <<< [apiv2][status] POST https://accounts.google.com/o/oauth2/token 200
[debug] [2023-08-15T19:18:06.060Z] <<< [apiv2][body] POST https://accounts.google.com/o/oauth2/token [omitted]
[info] 
[info] +  Success! Logged in as hereisastik@gmail.com 
[debug] [2023-08-15T19:18:16.150Z] Error: Timed out.
    at Timeout._onTimeout (C:\Users\goraiastik2000\AppData\Roaming\npm\node_modules\firebase-tools\lib\utils.js:253:49)
    at listOnTimeout (node:internal/timers:564:17)
    at process.processTimers (node:internal/timers:507:7)
[error] 
[error] Error: An unexpected error has occurred.
[debug] [2023-08-15T19:18:41.961Z] ----------------------------------------------------------------------
[debug] [2023-08-15T19:18:41.963Z] Command:       C:\Program Files\nodejs\node.exe C:\Users\goraiastik2000\AppData\Roaming\npm\node_modules\firebase-tools\lib\bin\firebase.js login
[debug] [2023-08-15T19:18:41.964Z] CLI Version:   12.4.0
[debug] [2023-08-15T19:18:41.964Z] Platform:      win32
[debug] [2023-08-15T19:18:41.964Z] Node Version:  v18.4.0
[debug] [2023-08-15T19:18:41.966Z] Time:          Wed Aug 16 2023 00:48:41 GMT+0530 (India Standard Time)
[debug] [2023-08-15T19:18:41.966Z] ----------------------------------------------------------------------
[debug] 
[info] Already logged in as hereisastik@gmail.com
[debug] [2023-08-15T19:18:52.222Z] Error: Timed out.
    at Timeout._onTimeout (C:\Users\goraiastik2000\AppData\Roaming\npm\node_modules\firebase-tools\lib\utils.js:253:49)
    at listOnTimeout (node:internal/timers:564:17)
    at process.processTimers (node:internal/timers:507:7)
[error] 
[error] Error: An unexpected error has occurred.
[debug] [2023-08-15T19:21:25.395Z] ----------------------------------------------------------------------
[debug] [2023-08-15T19:21:25.408Z] Command:       C:\Program Files\nodejs\node.exe C:\Users\goraiastik2000\AppData\Roaming\npm\node_modules\firebase-tools\lib\bin\firebase.js init
[debug] [2023-08-15T19:21:25.411Z] CLI Version:   12.4.7
[debug] [2023-08-15T19:21:25.413Z] Platform:      win32
[debug] [2023-08-15T19:21:25.416Z] Node Version:  v18.4.0
[debug] [2023-08-15T19:21:25.421Z] Time:          Wed Aug 16 2023 00:51:25 GMT+0530 (India Standard Time)
[debug] [2023-08-15T19:21:25.422Z] ----------------------------------------------------------------------
[debug] 
[debug] [2023-08-15T19:21:25.806Z] > command requires scopes: ["email","openid","https://www.googleapis.com/auth/cloudplatformprojects.readonly","https://www.googleapis.com/auth/firebase","https://www.googleapis.com/auth/cloud-platform"]
[debug] [2023-08-15T19:21:25.808Z] > authorizing via signed-in user (hereisastik@gmail.com)
[info] 
     ######## #### ########  ######## ########     ###     ######  ########
     ##        ##  ##     ## ##       ##     ##  ##   ##  ##       ##
     ######    ##  ########  ######   ########  #########  ######  ######
     ##        ##  ##    ##  ##       ##     ## ##     ##       ## ##
     ##       #### ##     ## ######## ########  ##     ##  ######  ########

You're about to initialize a Firebase project in this directory:

  C:\Users\goraiastik2000\Desktop\Final Project\04_Instagram\Modified\MyInsta_-main\MyInsta_-main

Before we get started, keep in mind:

  * You are initializing within an existing Firebase project directory

[debug] [2023-08-15T19:22:47.835Z] Error: Timed out.
    at Timeout._onTimeout (C:\Users\goraiastik2000\AppData\Roaming\npm\node_modules\firebase-tools\lib\utils.js:254:49)
    at listOnTimeout (node:internal/timers:564:17)
    at process.processTimers (node:internal/timers:507:7)
[error] 
[error] Error: An unexpected error has occurred.
[debug] [2023-08-15T19:22:59.246Z] ----------------------------------------------------------------------
[debug] [2023-08-15T19:22:59.251Z] Command:       C:\Program Files\nodejs\node.exe C:\Users\goraiastik2000\AppData\Roaming\npm\node_modules\firebase-tools\lib\bin\firebase.js init
[debug] [2023-08-15T19:22:59.253Z] CLI Version:   12.4.7
[debug] [2023-08-15T19:22:59.253Z] Platform:      win32
[debug] [2023-08-15T19:22:59.254Z] Node Version:  v18.4.0
[debug] [2023-08-15T19:22:59.256Z] Time:          Wed Aug 16 2023 00:52:59 GMT+0530 (India Standard Time)
[debug] [2023-08-15T19:22:59.257Z] ----------------------------------------------------------------------
[debug] 
[debug] [2023-08-15T19:22:59.500Z] > command requires scopes: ["email","openid","https://www.googleapis.com/auth/cloudplatformprojects.readonly","https://www.googleapis.com/auth/firebase","https://www.googleapis.com/auth/cloud-platform"]
[debug] [2023-08-15T19:22:59.501Z] > authorizing via signed-in user (hereisastik@gmail.com)
[info] 
     ######## #### ########  ######## ########     ###     ######  ########
     ##        ##  ##     ## ##       ##     ##  ##   ##  ##       ##
     ######    ##  ########  ######   ########  #########  ######  ######
     ##        ##  ##    ##  ##       ##     ## ##     ##       ## ##
     ##       #### ##     ## ######## ########  ##     ##  ######  ########

You're about to initialize a Firebase project in this directory:

  C:\Users\goraiastik2000\Desktop\Final Project\04_Instagram\Modified\MyInsta_-main\MyInsta_-main

Before we get started, keep in mind:

  * You are initializing within an existing Firebase project directory

[debug] [2023-08-15T19:23:21.510Z] Error: Timed out.
    at Timeout._onTimeout (C:\Users\goraiastik2000\AppData\Roaming\npm\node_modules\firebase-tools\lib\utils.js:254:49)
    at listOnTimeout (node:internal/timers:564:17)
    at process.processTimers (node:internal/timers:507:7)
[error] 
[error] Error: An unexpected error has occurred.
[debug] [2023-08-15T19:23:32.444Z] ----------------------------------------------------------------------
[debug] [2023-08-15T19:23:32.447Z] Command:       C:\Program Files\nodejs\node.exe C:\Users\goraiastik2000\AppData\Roaming\npm\node_modules\firebase-tools\lib\bin\firebase.js init
[debug] [2023-08-15T19:23:32.448Z] CLI Version:   12.4.7
[debug] [2023-08-15T19:23:32.448Z] Platform:      win32
[debug] [2023-08-15T19:23:32.449Z] Node Version:  v18.4.0
[debug] [2023-08-15T19:23:32.450Z] Time:          Wed Aug 16 2023 00:53:32 GMT+0530 (India Standard Time)
[debug] [2023-08-15T19:23:32.450Z] ----------------------------------------------------------------------
[debug] 
[debug] [2023-08-15T19:23:32.545Z] > command requires scopes: ["email","openid","https://www.googleapis.com/auth/cloudplatformprojects.readonly","https://www.googleapis.com/auth/firebase","https://www.googleapis.com/auth/cloud-platform"]
[debug] [2023-08-15T19:23:32.546Z] > authorizing via signed-in user (hereisastik@gmail.com)
[info] 
     ######## #### ########  ######## ########     ###     ######  ########
     ##        ##  ##     ## ##       ##     ##  ##   ##  ##       ##
     ######    ##  ########  ######   ########  #########  ######  ######
     ##        ##  ##    ##  ##       ##     ## ##     ##       ## ##
     ##       #### ##     ## ######## ########  ##     ##  ######  ########

You're about to initialize a Firebase project in this directory:

  C:\Users\goraiastik2000\Desktop\Final Project\04_Instagram\Modified\MyInsta_-main\MyInsta_-main

Before we get started, keep in mind:

  * You are initializing within an existing Firebase project directory

[debug] [2023-08-15T19:23:43.584Z] Error: Timed out.
    at Timeout._onTimeout (C:\Users\goraiastik2000\AppData\Roaming\npm\node_modules\firebase-tools\lib\utils.js:254:49)
    at listOnTimeout (node:internal/timers:564:17)
    at process.processTimers (node:internal/timers:507:7)
[error] 
[error] Error: An unexpected error has occurred.
[debug] [2023-08-15T19:23:51.425Z] ----------------------------------------------------------------------
[debug] [2023-08-15T19:23:51.428Z] Command:       C:\Program Files\nodejs\node.exe C:\Users\goraiastik2000\AppData\Roaming\npm\node_modules\firebase-tools\lib\bin\firebase.js init
[debug] [2023-08-15T19:23:51.428Z] CLI Version:   12.4.7
[debug] [2023-08-15T19:23:51.429Z] Platform:      win32
[debug] [2023-08-15T19:23:51.429Z] Node Version:  v18.4.0
[debug] [2023-08-15T19:23:51.431Z] Time:          Wed Aug 16 2023 00:53:51 GMT+0530 (India Standard Time)
[debug] [2023-08-15T19:23:51.431Z] ----------------------------------------------------------------------
[debug] 
[debug] [2023-08-15T19:23:51.564Z] > command requires scopes: ["email","openid","https://www.googleapis.com/auth/cloudplatformprojects.readonly","https://www.googleapis.com/auth/firebase","https://www.googleapis.com/auth/cloud-platform"]
[debug] [2023-08-15T19:23:51.565Z] > authorizing via signed-in user (hereisastik@gmail.com)
[info] 
     ######## #### ########  ######## ########     ###     ######  ########
     ##        ##  ##     ## ##       ##     ##  ##   ##  ##       ##
     ######    ##  ########  ######   ########  #########  ######  ######
     ##        ##  ##    ##  ##       ##     ## ##     ##       ## ##
     ##       #### ##     ## ######## ########  ##     ##  ######  ########

You're about to initialize a Firebase project in this directory:

  C:\Users\goraiastik2000\Desktop\Final Project\04_Instagram\Modified\MyInsta_-main\MyInsta_-main

Before we get started, keep in mind:

  * You are initializing within an existing Firebase project directory

